mode: set
github.com/smartcontractkit/branch-out/main.go:10.13,12.2 1 0
github.com/smartcontractkit/branch-out/aws/client.go:34.52,35.32 1 0
github.com/smartcontractkit/branch-out/aws/client.go:35.32,38.3 2 0
github.com/smartcontractkit/branch-out/aws/client.go:42.53,43.35 1 0
github.com/smartcontractkit/branch-out/aws/client.go:43.35,45.3 1 0
github.com/smartcontractkit/branch-out/aws/client.go:49.58,54.33 2 0
github.com/smartcontractkit/branch-out/aws/client.go:54.33,56.3 1 0
github.com/smartcontractkit/branch-out/aws/client.go:58.2,66.32 3 0
github.com/smartcontractkit/branch-out/aws/client.go:66.32,68.3 1 0
github.com/smartcontractkit/branch-out/aws/client.go:70.2,70.34 1 0
github.com/smartcontractkit/branch-out/aws/client.go:70.34,72.3 1 0
github.com/smartcontractkit/branch-out/aws/client.go:74.2,75.16 2 0
github.com/smartcontractkit/branch-out/aws/client.go:75.16,77.3 1 0
github.com/smartcontractkit/branch-out/aws/client.go:80.2,81.16 2 0
github.com/smartcontractkit/branch-out/aws/client.go:81.16,83.3 1 0
github.com/smartcontractkit/branch-out/aws/client.go:83.8,89.3 1 0
github.com/smartcontractkit/branch-out/aws/client.go:91.2,100.20 3 0
github.com/smartcontractkit/branch-out/aws/sqs.go:18.24,19.24 1 0
github.com/smartcontractkit/branch-out/aws/sqs.go:19.24,22.3 2 0
github.com/smartcontractkit/branch-out/aws/sqs.go:24.2,24.19 1 0
github.com/smartcontractkit/branch-out/aws/sqs.go:24.19,27.3 2 0
github.com/smartcontractkit/branch-out/aws/sqs.go:30.2,39.44 3 0
github.com/smartcontractkit/branch-out/aws/sqs.go:39.44,55.3 7 0
github.com/smartcontractkit/branch-out/aws/sqs.go:58.2,59.16 2 0
github.com/smartcontractkit/branch-out/aws/sqs.go:59.16,62.3 2 0
github.com/smartcontractkit/branch-out/aws/sqs.go:65.2,66.26 2 0
github.com/smartcontractkit/branch-out/aws/sqs.go:66.26,68.3 1 0
github.com/smartcontractkit/branch-out/aws/sqs.go:70.2,73.31 2 0
github.com/smartcontractkit/branch-out/aws/sqs.go:73.31,75.3 1 0
github.com/smartcontractkit/branch-out/aws/sqs.go:77.2,78.12 2 0
github.com/smartcontractkit/branch-out/aws/sqs.go:85.38,86.24 1 0
github.com/smartcontractkit/branch-out/aws/sqs.go:86.24,89.3 2 0
github.com/smartcontractkit/branch-out/aws/sqs.go:91.2,98.16 3 0
github.com/smartcontractkit/branch-out/aws/sqs.go:98.16,101.3 2 0
github.com/smartcontractkit/branch-out/aws/sqs.go:103.2,103.28 1 0
github.com/smartcontractkit/branch-out/aws/sqs.go:103.28,106.3 2 0
github.com/smartcontractkit/branch-out/aws/sqs.go:108.2,109.17 2 0
github.com/smartcontractkit/branch-out/aws/sqs.go:117.9,118.24 1 0
github.com/smartcontractkit/branch-out/aws/sqs.go:118.24,121.3 2 0
github.com/smartcontractkit/branch-out/aws/sqs.go:123.2,123.25 1 0
github.com/smartcontractkit/branch-out/aws/sqs.go:123.25,126.3 2 0
github.com/smartcontractkit/branch-out/aws/sqs.go:128.2,135.16 3 0
github.com/smartcontractkit/branch-out/aws/sqs.go:135.16,138.3 2 0
github.com/smartcontractkit/branch-out/aws/sqs.go:140.2,141.12 2 0
github.com/smartcontractkit/branch-out/trunk/client.go:39.53,40.40 1 0
github.com/smartcontractkit/branch-out/trunk/client.go:40.40,42.3 1 0
github.com/smartcontractkit/branch-out/trunk/client.go:46.52,47.40 1 0
github.com/smartcontractkit/branch-out/trunk/client.go:47.40,49.3 1 0
github.com/smartcontractkit/branch-out/trunk/client.go:53.49,54.40 1 0
github.com/smartcontractkit/branch-out/trunk/client.go:54.40,56.3 1 0
github.com/smartcontractkit/branch-out/trunk/client.go:60.58,65.30 2 0
github.com/smartcontractkit/branch-out/trunk/client.go:65.30,67.3 1 0
github.com/smartcontractkit/branch-out/trunk/client.go:69.2,80.8 1 0
github.com/smartcontractkit/branch-out/trunk/client.go:85.90,93.16 4 0
github.com/smartcontractkit/branch-out/trunk/client.go:93.16,95.3 1 0
github.com/smartcontractkit/branch-out/trunk/client.go:98.2,110.16 3 0
github.com/smartcontractkit/branch-out/trunk/client.go:110.16,112.3 1 0
github.com/smartcontractkit/branch-out/trunk/client.go:115.2,117.16 3 0
github.com/smartcontractkit/branch-out/trunk/client.go:117.16,119.3 1 0
github.com/smartcontractkit/branch-out/trunk/client.go:122.2,127.16 4 0
github.com/smartcontractkit/branch-out/trunk/client.go:127.16,129.3 1 0
github.com/smartcontractkit/branch-out/trunk/client.go:130.2,130.15 1 0
github.com/smartcontractkit/branch-out/trunk/client.go:130.15,131.53 1 0
github.com/smartcontractkit/branch-out/trunk/client.go:131.53,133.4 1 0
github.com/smartcontractkit/branch-out/trunk/client.go:137.2,138.16 2 0
github.com/smartcontractkit/branch-out/trunk/client.go:138.16,141.3 2 0
github.com/smartcontractkit/branch-out/trunk/client.go:144.2,144.53 1 0
github.com/smartcontractkit/branch-out/trunk/client.go:144.53,151.3 2 0
github.com/smartcontractkit/branch-out/trunk/client.go:153.2,157.12 2 0
github.com/smartcontractkit/branch-out/trunk/client.go:162.90,164.16 2 0
github.com/smartcontractkit/branch-out/trunk/client.go:164.16,166.3 1 0
github.com/smartcontractkit/branch-out/trunk/client.go:168.2,168.22 1 0
github.com/smartcontractkit/branch-out/trunk/client.go:168.22,170.3 1 0
github.com/smartcontractkit/branch-out/trunk/client.go:172.2,196.6 6 0
github.com/smartcontractkit/branch-out/trunk/client.go:196.6,198.17 2 0
github.com/smartcontractkit/branch-out/trunk/client.go:198.17,200.4 1 0
github.com/smartcontractkit/branch-out/trunk/client.go:202.3,204.48 2 0
github.com/smartcontractkit/branch-out/trunk/client.go:204.48,205.9 1 0
github.com/smartcontractkit/branch-out/trunk/client.go:208.3,208.68 1 0
github.com/smartcontractkit/branch-out/trunk/client.go:211.2,216.19 2 0
github.com/smartcontractkit/branch-out/trunk/client.go:220.107,224.16 3 0
github.com/smartcontractkit/branch-out/trunk/client.go:224.16,226.3 1 0
github.com/smartcontractkit/branch-out/trunk/client.go:227.2,228.16 2 0
github.com/smartcontractkit/branch-out/trunk/client.go:228.16,231.3 2 0
github.com/smartcontractkit/branch-out/trunk/client.go:233.2,234.16 2 0
github.com/smartcontractkit/branch-out/trunk/client.go:234.16,236.3 1 0
github.com/smartcontractkit/branch-out/trunk/client.go:237.2,237.15 1 0
github.com/smartcontractkit/branch-out/trunk/client.go:237.15,238.53 1 0
github.com/smartcontractkit/branch-out/trunk/client.go:238.53,240.4 1 0
github.com/smartcontractkit/branch-out/trunk/client.go:243.2,244.16 2 0
github.com/smartcontractkit/branch-out/trunk/client.go:244.16,246.3 1 0
github.com/smartcontractkit/branch-out/trunk/client.go:248.2,249.61 2 0
github.com/smartcontractkit/branch-out/trunk/client.go:249.61,251.3 1 0
github.com/smartcontractkit/branch-out/trunk/client.go:253.2,253.23 1 0
github.com/smartcontractkit/branch-out/trunk/models.go:91.59,93.2 1 0
github.com/smartcontractkit/branch-out/trunk/models.go:96.60,98.2 1 0
github.com/smartcontractkit/branch-out/trunk/models.go:101.59,106.56 3 0
github.com/smartcontractkit/branch-out/trunk/models.go:106.56,108.3 1 0
github.com/smartcontractkit/branch-out/trunk/models.go:111.2,111.36 1 0
github.com/smartcontractkit/branch-out/trunk/models.go:112.45,114.54 2 0
github.com/smartcontractkit/branch-out/trunk/models.go:114.54,116.4 1 0
github.com/smartcontractkit/branch-out/trunk/models.go:117.3,117.20 1 0
github.com/smartcontractkit/branch-out/trunk/models.go:119.32,121.54 2 0
github.com/smartcontractkit/branch-out/trunk/models.go:121.54,123.4 1 0
github.com/smartcontractkit/branch-out/trunk/models.go:124.3,124.20 1 0
github.com/smartcontractkit/branch-out/trunk/models.go:126.10,127.68 1 0
github.com/smartcontractkit/branch-out/trunk/models.go:132.55,137.56 2 0
github.com/smartcontractkit/branch-out/trunk/models.go:137.56,139.3 1 0
github.com/smartcontractkit/branch-out/trunk/models.go:141.2,141.40 1 0
github.com/smartcontractkit/branch-out/trunk/models.go:152.53,154.2 1 0
github.com/smartcontractkit/branch-out/trunk/models.go:157.54,159.2 1 0
github.com/smartcontractkit/branch-out/base/base.go:40.47,41.33 1 1
github.com/smartcontractkit/branch-out/base/base.go:41.33,43.3 1 1
github.com/smartcontractkit/branch-out/base/base.go:47.55,48.33 1 0
github.com/smartcontractkit/branch-out/base/base.go:48.33,50.3 1 0
github.com/smartcontractkit/branch-out/base/base.go:54.54,55.33 1 0
github.com/smartcontractkit/branch-out/base/base.go:55.33,60.3 1 0
github.com/smartcontractkit/branch-out/base/base.go:64.53,65.33 1 0
github.com/smartcontractkit/branch-out/base/base.go:65.33,66.25 1 0
github.com/smartcontractkit/branch-out/base/base.go:66.25,68.4 1 0
github.com/smartcontractkit/branch-out/base/base.go:69.3,69.36 1 0
github.com/smartcontractkit/branch-out/base/base.go:69.36,70.33 1 0
github.com/smartcontractkit/branch-out/base/base.go:70.33,72.5 1 0
github.com/smartcontractkit/branch-out/base/base.go:78.66,85.2 2 1
github.com/smartcontractkit/branch-out/base/base.go:88.74,94.30 2 1
github.com/smartcontractkit/branch-out/base/base.go:94.30,96.3 1 1
github.com/smartcontractkit/branch-out/base/base.go:98.2,100.27 2 1
github.com/smartcontractkit/branch-out/base/base.go:100.27,107.3 1 0
github.com/smartcontractkit/branch-out/base/base.go:109.2,114.3 1 1
github.com/smartcontractkit/branch-out/base/base.go:134.74,141.21 3 1
github.com/smartcontractkit/branch-out/base/base.go:141.21,143.17 2 1
github.com/smartcontractkit/branch-out/base/base.go:143.17,145.4 1 0
github.com/smartcontractkit/branch-out/base/base.go:146.3,147.71 2 1
github.com/smartcontractkit/branch-out/base/base.go:148.8,150.3 1 1
github.com/smartcontractkit/branch-out/base/base.go:152.2,152.24 1 1
github.com/smartcontractkit/branch-out/base/base.go:152.24,154.3 1 0
github.com/smartcontractkit/branch-out/base/base.go:156.2,156.28 1 1
github.com/smartcontractkit/branch-out/base/base.go:156.28,157.44 1 0
github.com/smartcontractkit/branch-out/base/base.go:157.44,158.33 1 0
github.com/smartcontractkit/branch-out/base/base.go:158.33,160.5 1 0
github.com/smartcontractkit/branch-out/base/base.go:165.2,169.16 4 1
github.com/smartcontractkit/branch-out/base/base.go:169.16,174.3 2 1
github.com/smartcontractkit/branch-out/base/base.go:176.2,177.16 2 1
github.com/smartcontractkit/branch-out/base/base.go:177.16,180.3 2 0
github.com/smartcontractkit/branch-out/base/base.go:181.2,185.78 3 1
github.com/smartcontractkit/branch-out/base/base.go:185.78,187.17 2 1
github.com/smartcontractkit/branch-out/base/base.go:187.17,189.4 1 1
github.com/smartcontractkit/branch-out/base/base.go:190.3,190.53 1 1
github.com/smartcontractkit/branch-out/base/base.go:193.2,193.77 1 1
github.com/smartcontractkit/branch-out/base/base.go:193.77,195.17 2 1
github.com/smartcontractkit/branch-out/base/base.go:195.17,197.4 1 1
github.com/smartcontractkit/branch-out/base/base.go:198.3,198.53 1 1
github.com/smartcontractkit/branch-out/base/base.go:201.2,201.80 1 1
github.com/smartcontractkit/branch-out/base/base.go:201.80,203.17 2 1
github.com/smartcontractkit/branch-out/base/base.go:203.17,205.4 1 1
github.com/smartcontractkit/branch-out/base/base.go:206.3,207.60 2 1
github.com/smartcontractkit/branch-out/base/base.go:210.2,210.92 1 1
github.com/smartcontractkit/branch-out/base/base.go:210.92,212.17 2 1
github.com/smartcontractkit/branch-out/base/base.go:212.17,214.4 1 1
github.com/smartcontractkit/branch-out/base/base.go:215.3,216.26 2 1
github.com/smartcontractkit/branch-out/base/base.go:216.26,218.4 1 0
github.com/smartcontractkit/branch-out/base/base.go:218.9,218.57 1 1
github.com/smartcontractkit/branch-out/base/base.go:218.57,220.4 1 1
github.com/smartcontractkit/branch-out/base/base.go:223.2,224.18 2 1
github.com/smartcontractkit/branch-out/base/base.go:227.39,228.22 1 1
github.com/smartcontractkit/branch-out/base/base.go:228.22,230.3 1 0
github.com/smartcontractkit/branch-out/base/base.go:231.2,231.21 1 1
github.com/smartcontractkit/branch-out/config/config.go:27.29,36.2 1 1
github.com/smartcontractkit/branch-out/config/config.go:100.47,101.34 1 1
github.com/smartcontractkit/branch-out/config/config.go:101.34,103.3 1 1
github.com/smartcontractkit/branch-out/config/config.go:107.39,108.34 1 1
github.com/smartcontractkit/branch-out/config/config.go:108.34,110.3 1 1
github.com/smartcontractkit/branch-out/config/config.go:114.45,115.34 1 0
github.com/smartcontractkit/branch-out/config/config.go:115.34,117.3 1 0
github.com/smartcontractkit/branch-out/config/config.go:121.46,127.30 2 1
github.com/smartcontractkit/branch-out/config/config.go:127.30,129.3 1 1
github.com/smartcontractkit/branch-out/config/config.go:131.2,132.52 2 1
github.com/smartcontractkit/branch-out/config/config.go:132.52,134.3 1 0
github.com/smartcontractkit/branch-out/config/config.go:136.2,136.27 1 1
github.com/smartcontractkit/branch-out/config/config.go:136.27,138.3 1 1
github.com/smartcontractkit/branch-out/config/config.go:140.2,141.16 2 1
github.com/smartcontractkit/branch-out/config/config.go:141.16,143.91 1 1
github.com/smartcontractkit/branch-out/config/config.go:143.91,145.4 1 1
github.com/smartcontractkit/branch-out/config/config.go:148.2,150.16 3 1
github.com/smartcontractkit/branch-out/config/config.go:150.16,152.3 1 0
github.com/smartcontractkit/branch-out/config/config.go:154.2,154.17 1 1
github.com/smartcontractkit/branch-out/config/config.go:158.41,160.16 2 1
github.com/smartcontractkit/branch-out/config/config.go:160.16,161.13 1 0
github.com/smartcontractkit/branch-out/config/config.go:163.2,163.12 1 1
github.com/smartcontractkit/branch-out/config/config.go:167.47,174.33 3 0
github.com/smartcontractkit/branch-out/config/config.go:174.33,176.3 1 0
github.com/smartcontractkit/branch-out/config/config.go:177.2,177.38 1 0
github.com/smartcontractkit/branch-out/config/config.go:177.38,179.3 1 0
github.com/smartcontractkit/branch-out/config/config.go:182.2,182.32 1 0
github.com/smartcontractkit/branch-out/config/config.go:182.32,184.3 1 0
github.com/smartcontractkit/branch-out/config/config.go:185.2,185.40 1 0
github.com/smartcontractkit/branch-out/config/config.go:185.40,187.3 1 0
github.com/smartcontractkit/branch-out/config/config.go:190.2,190.43 1 0
github.com/smartcontractkit/branch-out/config/config.go:190.43,192.3 1 0
github.com/smartcontractkit/branch-out/config/config.go:193.2,193.42 1 0
github.com/smartcontractkit/branch-out/config/config.go:193.42,195.3 1 0
github.com/smartcontractkit/branch-out/config/config.go:196.2,196.43 1 0
github.com/smartcontractkit/branch-out/config/config.go:196.43,198.3 1 0
github.com/smartcontractkit/branch-out/config/config.go:199.2,199.31 1 0
github.com/smartcontractkit/branch-out/config/config.go:199.31,201.3 1 0
github.com/smartcontractkit/branch-out/config/config.go:203.2,203.31 1 0
github.com/smartcontractkit/branch-out/config/config.go:206.13,209.8 2 1
github.com/smartcontractkit/branch-out/config/config.go:209.8,210.20 1 1
github.com/smartcontractkit/branch-out/config/config.go:210.20,212.4 1 1
github.com/smartcontractkit/branch-out/config/config.go:213.3,213.19 1 1
github.com/smartcontractkit/branch-out/config/config.go:213.19,215.4 1 1
github.com/smartcontractkit/branch-out/config/config.go:216.3,216.34 1 1
github.com/smartcontractkit/branch-out/config/config.go:218.2,218.19 1 1
github.com/smartcontractkit/branch-out/config/config.go:218.19,220.3 1 0
github.com/smartcontractkit/branch-out/config/config.go:221.2,221.18 1 1
github.com/smartcontractkit/branch-out/config/config.go:221.18,223.3 1 1
github.com/smartcontractkit/branch-out/config/definition.go:271.34,272.18 1 1
github.com/smartcontractkit/branch-out/config/definition.go:272.18,274.3 1 0
github.com/smartcontractkit/branch-out/config/definition.go:276.2,276.20 1 1
github.com/smartcontractkit/branch-out/config/definition.go:276.20,278.3 1 0
github.com/smartcontractkit/branch-out/config/definition.go:280.2,280.19 1 1
github.com/smartcontractkit/branch-out/config/definition.go:280.19,282.3 1 0
github.com/smartcontractkit/branch-out/config/definition.go:284.2,284.36 1 1
github.com/smartcontractkit/branch-out/config/definition.go:284.36,286.3 1 0
github.com/smartcontractkit/branch-out/config/definition.go:289.2,293.50 4 1
github.com/smartcontractkit/branch-out/config/definition.go:293.50,301.3 1 1
github.com/smartcontractkit/branch-out/config/definition.go:303.2,303.50 1 1
github.com/smartcontractkit/branch-out/config/definition.go:303.50,311.3 1 0
github.com/smartcontractkit/branch-out/config/definition.go:313.2,313.12 1 1
github.com/smartcontractkit/branch-out/config/definition.go:317.43,318.31 1 1
github.com/smartcontractkit/branch-out/config/definition.go:318.31,319.25 1 1
github.com/smartcontractkit/branch-out/config/definition.go:319.25,321.4 1 1
github.com/smartcontractkit/branch-out/config/definition.go:323.2,323.34 1 0
github.com/smartcontractkit/branch-out/config/definition.go:327.48,329.16 2 0
github.com/smartcontractkit/branch-out/config/definition.go:329.16,332.3 2 0
github.com/smartcontractkit/branch-out/config/definition.go:334.2,335.9 2 0
github.com/smartcontractkit/branch-out/config/definition.go:335.9,338.3 2 0
github.com/smartcontractkit/branch-out/config/definition.go:340.2,340.19 1 0
github.com/smartcontractkit/branch-out/config/definition.go:344.59,345.31 1 1
github.com/smartcontractkit/branch-out/config/definition.go:345.31,346.50 1 1
github.com/smartcontractkit/branch-out/config/definition.go:346.50,348.4 1 0
github.com/smartcontractkit/branch-out/config/definition.go:351.2,351.12 1 1
github.com/smartcontractkit/branch-out/config/definition.go:355.57,356.43 1 0
github.com/smartcontractkit/branch-out/config/definition.go:356.43,357.13 1 0
github.com/smartcontractkit/branch-out/config/definition.go:362.71,364.16 2 1
github.com/smartcontractkit/branch-out/config/definition.go:364.16,366.3 1 1
github.com/smartcontractkit/branch-out/config/definition.go:368.2,369.16 2 1
github.com/smartcontractkit/branch-out/config/definition.go:369.16,371.3 1 0
github.com/smartcontractkit/branch-out/config/definition.go:373.2,373.40 1 1
github.com/smartcontractkit/branch-out/config/definition.go:373.40,374.18 1 1
github.com/smartcontractkit/branch-out/config/definition.go:374.18,376.18 2 1
github.com/smartcontractkit/branch-out/config/definition.go:376.18,378.5 1 0
github.com/smartcontractkit/branch-out/config/definition.go:380.3,381.17 2 1
github.com/smartcontractkit/branch-out/config/definition.go:381.17,383.4 1 0
github.com/smartcontractkit/branch-out/config/definition.go:384.3,384.27 1 1
github.com/smartcontractkit/branch-out/config/definition.go:384.27,386.4 1 1
github.com/smartcontractkit/branch-out/config/definition.go:389.2,389.12 1 1
github.com/smartcontractkit/branch-out/config/definition.go:393.70,395.16 1 1
github.com/smartcontractkit/branch-out/config/definition.go:395.16,397.3 1 1
github.com/smartcontractkit/branch-out/config/definition.go:399.2,399.22 1 1
github.com/smartcontractkit/branch-out/config/definition.go:399.22,401.3 1 0
github.com/smartcontractkit/branch-out/config/definition.go:403.2,404.22 2 1
github.com/smartcontractkit/branch-out/config/definition.go:404.22,406.3 1 1
github.com/smartcontractkit/branch-out/config/definition.go:408.2,408.39 1 1
github.com/smartcontractkit/branch-out/config/definition.go:408.39,410.3 1 0
github.com/smartcontractkit/branch-out/config/definition.go:412.2,412.20 1 1
github.com/smartcontractkit/branch-out/config/definition.go:413.26,415.27 2 1
github.com/smartcontractkit/branch-out/config/definition.go:415.27,417.4 1 1
github.com/smartcontractkit/branch-out/config/definition.go:419.3,419.28 1 1
github.com/smartcontractkit/branch-out/config/definition.go:419.28,421.4 1 1
github.com/smartcontractkit/branch-out/config/definition.go:421.9,423.4 1 1
github.com/smartcontractkit/branch-out/config/definition.go:425.25,427.27 2 1
github.com/smartcontractkit/branch-out/config/definition.go:427.27,429.4 1 1
github.com/smartcontractkit/branch-out/config/definition.go:431.3,431.28 1 1
github.com/smartcontractkit/branch-out/config/definition.go:431.28,433.4 1 1
github.com/smartcontractkit/branch-out/config/definition.go:433.9,435.4 1 0
github.com/smartcontractkit/branch-out/config/definition.go:437.29,439.27 2 1
github.com/smartcontractkit/branch-out/config/definition.go:439.27,441.4 1 0
github.com/smartcontractkit/branch-out/config/definition.go:443.3,443.28 1 1
github.com/smartcontractkit/branch-out/config/definition.go:443.28,445.4 1 0
github.com/smartcontractkit/branch-out/config/definition.go:445.9,447.4 1 1
github.com/smartcontractkit/branch-out/config/definition.go:448.10,449.72 1 0
github.com/smartcontractkit/branch-out/config/definition.go:452.2,452.40 1 1
github.com/smartcontractkit/branch-out/cmd/mark.go:34.52,60.17 5 0
github.com/smartcontractkit/branch-out/cmd/mark.go:60.17,62.4 1 0
github.com/smartcontractkit/branch-out/cmd/mark.go:65.3,66.17 2 0
github.com/smartcontractkit/branch-out/cmd/mark.go:66.17,68.4 1 0
github.com/smartcontractkit/branch-out/cmd/mark.go:70.3,71.17 2 0
github.com/smartcontractkit/branch-out/cmd/mark.go:71.17,73.4 1 0
github.com/smartcontractkit/branch-out/cmd/mark.go:75.3,76.13 2 0
github.com/smartcontractkit/branch-out/cmd/mark.go:80.13,90.16 6 1
github.com/smartcontractkit/branch-out/cmd/mark.go:90.16,91.13 1 0
github.com/smartcontractkit/branch-out/cmd/mark.go:93.2,94.16 2 1
github.com/smartcontractkit/branch-out/cmd/mark.go:94.16,95.13 1 0
github.com/smartcontractkit/branch-out/cmd/mark.go:97.2,98.16 2 1
github.com/smartcontractkit/branch-out/cmd/mark.go:98.16,99.13 1 0
github.com/smartcontractkit/branch-out/cmd/root.go:54.64,61.17 3 1
github.com/smartcontractkit/branch-out/cmd/root.go:61.17,63.4 1 0
github.com/smartcontractkit/branch-out/cmd/root.go:65.3,71.17 3 1
github.com/smartcontractkit/branch-out/cmd/root.go:71.17,73.4 1 0
github.com/smartcontractkit/branch-out/cmd/root.go:75.3,77.17 3 1
github.com/smartcontractkit/branch-out/cmd/root.go:77.17,79.4 1 0
github.com/smartcontractkit/branch-out/cmd/root.go:80.3,82.13 2 1
github.com/smartcontractkit/branch-out/cmd/root.go:84.51,89.17 2 1
github.com/smartcontractkit/branch-out/cmd/root.go:89.17,91.4 1 1
github.com/smartcontractkit/branch-out/cmd/root.go:93.3,94.17 2 0
github.com/smartcontractkit/branch-out/cmd/root.go:94.17,96.4 1 0
github.com/smartcontractkit/branch-out/cmd/root.go:97.3,97.13 1 0
github.com/smartcontractkit/branch-out/cmd/root.go:101.13,103.2 1 1
github.com/smartcontractkit/branch-out/cmd/root.go:106.16,107.107 1 0
github.com/smartcontractkit/branch-out/cmd/root.go:107.107,109.3 1 0
github.com/smartcontractkit/branch-out/internal/testhelpers/files.go:14.52,18.16 3 0
github.com/smartcontractkit/branch-out/internal/testhelpers/files.go:18.16,20.3 1 0
github.com/smartcontractkit/branch-out/internal/testhelpers/files.go:22.2,22.81 1 0
github.com/smartcontractkit/branch-out/internal/testhelpers/files.go:22.81,23.17 1 0
github.com/smartcontractkit/branch-out/internal/testhelpers/files.go:23.17,25.4 1 0
github.com/smartcontractkit/branch-out/internal/testhelpers/files.go:27.3,28.17 2 0
github.com/smartcontractkit/branch-out/internal/testhelpers/files.go:28.17,30.4 1 0
github.com/smartcontractkit/branch-out/internal/testhelpers/files.go:32.3,34.19 2 0
github.com/smartcontractkit/branch-out/internal/testhelpers/files.go:34.19,36.4 1 0
github.com/smartcontractkit/branch-out/internal/testhelpers/files.go:38.3,39.17 2 0
github.com/smartcontractkit/branch-out/internal/testhelpers/files.go:39.17,41.4 1 0
github.com/smartcontractkit/branch-out/internal/testhelpers/files.go:42.3,42.16 1 0
github.com/smartcontractkit/branch-out/internal/testhelpers/files.go:42.16,43.42 1 0
github.com/smartcontractkit/branch-out/internal/testhelpers/files.go:43.42,45.5 1 0
github.com/smartcontractkit/branch-out/internal/testhelpers/files.go:48.3,49.17 2 0
github.com/smartcontractkit/branch-out/internal/testhelpers/files.go:49.17,51.4 1 0
github.com/smartcontractkit/branch-out/internal/testhelpers/files.go:52.3,52.16 1 0
github.com/smartcontractkit/branch-out/internal/testhelpers/files.go:52.16,53.42 1 0
github.com/smartcontractkit/branch-out/internal/testhelpers/files.go:53.42,55.5 1 0
github.com/smartcontractkit/branch-out/internal/testhelpers/files.go:58.3,59.17 2 0
github.com/smartcontractkit/branch-out/internal/testhelpers/files.go:59.17,61.4 1 0
github.com/smartcontractkit/branch-out/internal/testhelpers/files.go:63.3,63.13 1 0
github.com/smartcontractkit/branch-out/internal/testhelpers/files.go:69.53,72.48 2 0
github.com/smartcontractkit/branch-out/internal/testhelpers/files.go:72.48,74.3 1 0
github.com/smartcontractkit/branch-out/internal/testhelpers/files.go:76.2,76.61 1 0
github.com/smartcontractkit/branch-out/internal/testhelpers/files.go:76.61,78.3 1 0
github.com/smartcontractkit/branch-out/internal/testhelpers/files.go:80.2,81.16 2 0
github.com/smartcontractkit/branch-out/internal/testhelpers/files.go:81.16,82.23 1 0
github.com/smartcontractkit/branch-out/internal/testhelpers/files.go:82.23,84.4 1 0
github.com/smartcontractkit/branch-out/internal/testhelpers/files.go:85.3,85.65 1 0
github.com/smartcontractkit/branch-out/internal/testhelpers/files.go:88.2,89.16 2 0
github.com/smartcontractkit/branch-out/internal/testhelpers/files.go:89.16,91.3 1 0
github.com/smartcontractkit/branch-out/internal/testhelpers/files.go:93.2,93.58 1 0
github.com/smartcontractkit/branch-out/internal/testhelpers/files.go:93.58,95.3 1 0
github.com/smartcontractkit/branch-out/internal/testhelpers/files.go:97.2,97.12 1 0
github.com/smartcontractkit/branch-out/internal/testhelpers/files.go:102.60,107.86 3 0
github.com/smartcontractkit/branch-out/internal/testhelpers/files.go:107.86,108.17 1 0
github.com/smartcontractkit/branch-out/internal/testhelpers/files.go:108.17,110.4 1 0
github.com/smartcontractkit/branch-out/internal/testhelpers/files.go:113.3,114.17 2 0
github.com/smartcontractkit/branch-out/internal/testhelpers/files.go:114.17,116.4 1 0
github.com/smartcontractkit/branch-out/internal/testhelpers/files.go:119.3,122.21 2 0
github.com/smartcontractkit/branch-out/internal/testhelpers/files.go:122.21,124.4 1 0
github.com/smartcontractkit/branch-out/internal/testhelpers/files.go:125.3,127.16 2 0
github.com/smartcontractkit/branch-out/internal/testhelpers/files.go:127.16,129.4 1 0
github.com/smartcontractkit/branch-out/internal/testhelpers/files.go:129.9,131.4 1 0
github.com/smartcontractkit/branch-out/internal/testhelpers/files.go:133.3,133.13 1 0
github.com/smartcontractkit/branch-out/internal/testhelpers/logging.go:20.70,37.20 8 0
github.com/smartcontractkit/branch-out/internal/testhelpers/logging.go:37.20,38.18 1 0
github.com/smartcontractkit/branch-out/internal/testhelpers/logging.go:38.18,40.4 1 0
github.com/smartcontractkit/branch-out/internal/testhelpers/logging.go:40.9,41.45 1 0
github.com/smartcontractkit/branch-out/internal/testhelpers/logging.go:41.45,43.5 1 0
github.com/smartcontractkit/branch-out/internal/testhelpers/logging.go:46.2,46.15 1 0
github.com/smartcontractkit/branch-out/internal/testhelpers/parsing.go:46.86,50.40 3 1
github.com/smartcontractkit/branch-out/internal/testhelpers/parsing.go:50.40,53.22 2 1
github.com/smartcontractkit/branch-out/internal/testhelpers/parsing.go:53.22,55.48 2 1
github.com/smartcontractkit/branch-out/internal/testhelpers/parsing.go:55.48,57.5 1 0
github.com/smartcontractkit/branch-out/internal/testhelpers/parsing.go:58.4,58.31 1 1
github.com/smartcontractkit/branch-out/internal/testhelpers/parsing.go:62.2,62.28 1 1
github.com/smartcontractkit/branch-out/internal/testhelpers/parsing.go:66.83,69.29 2 1
github.com/smartcontractkit/branch-out/internal/testhelpers/parsing.go:69.29,70.34 1 1
github.com/smartcontractkit/branch-out/internal/testhelpers/parsing.go:70.34,72.4 1 0
github.com/smartcontractkit/branch-out/internal/testhelpers/parsing.go:73.3,73.25 1 1
github.com/smartcontractkit/branch-out/internal/testhelpers/parsing.go:73.25,74.46 1 1
github.com/smartcontractkit/branch-out/internal/testhelpers/parsing.go:74.46,84.5 1 1
github.com/smartcontractkit/branch-out/internal/testhelpers/parsing.go:88.3,88.85 1 1
github.com/smartcontractkit/branch-out/internal/testhelpers/parsing.go:88.85,90.4 1 1
github.com/smartcontractkit/branch-out/internal/testhelpers/parsing.go:94.3,94.41 1 1
github.com/smartcontractkit/branch-out/internal/testhelpers/parsing.go:94.41,96.12 2 0
github.com/smartcontractkit/branch-out/internal/testhelpers/parsing.go:99.3,99.39 1 1
github.com/smartcontractkit/branch-out/internal/testhelpers/parsing.go:99.39,101.12 2 0
github.com/smartcontractkit/branch-out/internal/testhelpers/parsing.go:104.3,104.38 1 1
github.com/smartcontractkit/branch-out/internal/testhelpers/parsing.go:104.38,106.12 2 0
github.com/smartcontractkit/branch-out/internal/testhelpers/parsing.go:109.3,109.22 1 1
github.com/smartcontractkit/branch-out/internal/testhelpers/parsing.go:110.21,111.34 1 0
github.com/smartcontractkit/branch-out/internal/testhelpers/parsing.go:112.15,113.87 1 1
github.com/smartcontractkit/branch-out/internal/testhelpers/parsing.go:113.87,118.5 1 1
github.com/smartcontractkit/branch-out/internal/testhelpers/parsing.go:119.15,120.87 1 1
github.com/smartcontractkit/branch-out/internal/testhelpers/parsing.go:120.87,125.5 1 1
github.com/smartcontractkit/branch-out/internal/testhelpers/parsing.go:126.15,127.88 1 1
github.com/smartcontractkit/branch-out/internal/testhelpers/parsing.go:127.88,132.5 1 1
github.com/smartcontractkit/branch-out/internal/testhelpers/parsing.go:136.2,136.37 1 1
github.com/smartcontractkit/branch-out/internal/testhelpers/parsing.go:136.37,141.3 4 1
github.com/smartcontractkit/branch-out/internal/testhelpers/parsing.go:143.2,143.24 1 1
github.com/smartcontractkit/branch-out/logging/logging.go:34.47,35.26 1 0
github.com/smartcontractkit/branch-out/logging/logging.go:35.26,37.3 1 0
github.com/smartcontractkit/branch-out/logging/logging.go:42.46,43.26 1 1
github.com/smartcontractkit/branch-out/logging/logging.go:43.26,45.3 1 1
github.com/smartcontractkit/branch-out/logging/logging.go:49.46,50.26 1 1
github.com/smartcontractkit/branch-out/logging/logging.go:50.26,52.3 1 1
github.com/smartcontractkit/branch-out/logging/logging.go:56.45,57.26 1 1
github.com/smartcontractkit/branch-out/logging/logging.go:57.26,59.3 1 1
github.com/smartcontractkit/branch-out/logging/logging.go:63.42,64.26 1 1
github.com/smartcontractkit/branch-out/logging/logging.go:64.26,66.3 1 1
github.com/smartcontractkit/branch-out/logging/logging.go:69.32,73.2 1 1
github.com/smartcontractkit/branch-out/logging/logging.go:76.53,78.30 2 1
github.com/smartcontractkit/branch-out/logging/logging.go:78.30,80.3 1 1
github.com/smartcontractkit/branch-out/logging/logging.go:82.2,89.28 3 1
github.com/smartcontractkit/branch-out/logging/logging.go:89.28,91.3 1 1
github.com/smartcontractkit/branch-out/logging/logging.go:91.8,92.24 1 1
github.com/smartcontractkit/branch-out/logging/logging.go:92.24,94.18 2 1
github.com/smartcontractkit/branch-out/logging/logging.go:94.18,96.5 1 0
github.com/smartcontractkit/branch-out/logging/logging.go:97.4,98.18 2 1
github.com/smartcontractkit/branch-out/logging/logging.go:98.18,100.5 1 0
github.com/smartcontractkit/branch-out/logging/logging.go:101.4,107.43 2 1
github.com/smartcontractkit/branch-out/logging/logging.go:109.3,109.23 1 1
github.com/smartcontractkit/branch-out/logging/logging.go:109.23,111.4 1 1
github.com/smartcontractkit/branch-out/logging/logging.go:114.2,115.16 2 1
github.com/smartcontractkit/branch-out/logging/logging.go:115.16,117.3 1 0
github.com/smartcontractkit/branch-out/logging/logging.go:119.2,119.17 1 1
github.com/smartcontractkit/branch-out/logging/logging.go:119.17,121.3 1 1
github.com/smartcontractkit/branch-out/logging/logging.go:122.2,124.20 3 1
github.com/smartcontractkit/branch-out/logging/logging.go:129.48,131.16 2 1
github.com/smartcontractkit/branch-out/logging/logging.go:131.16,132.13 1 0
github.com/smartcontractkit/branch-out/logging/logging.go:134.2,134.15 1 1
github.com/smartcontractkit/branch-out/jira/client.go:65.47,66.39 1 1
github.com/smartcontractkit/branch-out/jira/client.go:66.39,68.3 1 1
github.com/smartcontractkit/branch-out/jira/client.go:72.46,73.39 1 1
github.com/smartcontractkit/branch-out/jira/client.go:73.39,75.3 1 1
github.com/smartcontractkit/branch-out/jira/client.go:79.52,83.30 2 1
github.com/smartcontractkit/branch-out/jira/client.go:83.30,85.3 1 1
github.com/smartcontractkit/branch-out/jira/client.go:87.2,89.33 2 1
github.com/smartcontractkit/branch-out/jira/client.go:89.33,91.3 1 0
github.com/smartcontractkit/branch-out/jira/client.go:93.2,93.33 1 1
github.com/smartcontractkit/branch-out/jira/client.go:93.33,95.3 1 0
github.com/smartcontractkit/branch-out/jira/client.go:98.2,102.32 3 1
github.com/smartcontractkit/branch-out/jira/client.go:102.32,106.3 1 0
github.com/smartcontractkit/branch-out/jira/client.go:108.2,122.14 3 1
github.com/smartcontractkit/branch-out/jira/client.go:122.14,144.3 4 1
github.com/smartcontractkit/branch-out/jira/client.go:144.8,144.25 1 1
github.com/smartcontractkit/branch-out/jira/client.go:144.25,150.3 1 1
github.com/smartcontractkit/branch-out/jira/client.go:152.2,153.16 2 1
github.com/smartcontractkit/branch-out/jira/client.go:153.16,155.3 1 0
github.com/smartcontractkit/branch-out/jira/client.go:156.2,165.45 4 1
github.com/smartcontractkit/branch-out/jira/client.go:165.45,172.3 4 0
github.com/smartcontractkit/branch-out/jira/client.go:172.8,172.23 1 1
github.com/smartcontractkit/branch-out/jira/client.go:172.23,174.3 1 0
github.com/smartcontractkit/branch-out/jira/client.go:176.2,183.15 2 1
github.com/smartcontractkit/branch-out/jira/client.go:197.90,246.16 6 0
github.com/smartcontractkit/branch-out/jira/client.go:246.16,248.3 1 0
github.com/smartcontractkit/branch-out/jira/client.go:249.2,249.44 1 0
github.com/smartcontractkit/branch-out/jira/client.go:249.44,251.3 1 0
github.com/smartcontractkit/branch-out/jira/client.go:254.2,255.16 2 0
github.com/smartcontractkit/branch-out/jira/client.go:255.16,259.3 1 0
github.com/smartcontractkit/branch-out/jira/client.go:261.2,269.28 3 0
github.com/smartcontractkit/branch-out/jira/client.go:273.84,275.28 2 0
github.com/smartcontractkit/branch-out/jira/client.go:275.28,277.3 1 0
github.com/smartcontractkit/branch-out/jira/client.go:279.2,285.16 3 0
github.com/smartcontractkit/branch-out/jira/client.go:285.16,287.3 1 0
github.com/smartcontractkit/branch-out/jira/client.go:288.2,288.44 1 0
github.com/smartcontractkit/branch-out/jira/client.go:288.44,290.3 1 0
github.com/smartcontractkit/branch-out/jira/client.go:292.2,297.12 2 0
github.com/smartcontractkit/branch-out/jira/client.go:301.85,304.32 2 0
github.com/smartcontractkit/branch-out/jira/client.go:304.32,306.3 1 0
github.com/smartcontractkit/branch-out/jira/client.go:307.2,307.35 1 0
github.com/smartcontractkit/branch-out/jira/client.go:307.35,309.3 1 0
github.com/smartcontractkit/branch-out/jira/client.go:310.2,310.35 1 0
github.com/smartcontractkit/branch-out/jira/client.go:310.35,312.3 1 0
github.com/smartcontractkit/branch-out/jira/client.go:314.2,314.21 1 0
github.com/smartcontractkit/branch-out/jira/client.go:318.69,331.16 4 0
github.com/smartcontractkit/branch-out/jira/client.go:331.16,333.3 1 0
github.com/smartcontractkit/branch-out/jira/client.go:334.2,334.44 1 0
github.com/smartcontractkit/branch-out/jira/client.go:334.44,336.3 1 0
github.com/smartcontractkit/branch-out/jira/client.go:337.2,340.31 3 0
github.com/smartcontractkit/branch-out/jira/client.go:340.31,343.3 2 0
github.com/smartcontractkit/branch-out/jira/client.go:345.2,345.29 1 0
github.com/smartcontractkit/branch-out/jira/client.go:349.94,350.41 1 0
github.com/smartcontractkit/branch-out/jira/client.go:350.41,352.3 1 0
github.com/smartcontractkit/branch-out/jira/client.go:354.2,358.50 3 0
github.com/smartcontractkit/branch-out/jira/client.go:358.50,360.3 1 0
github.com/smartcontractkit/branch-out/jira/client.go:361.2,361.16 1 0
github.com/smartcontractkit/branch-out/jira/client.go:361.16,363.3 1 0
github.com/smartcontractkit/branch-out/jira/client.go:365.2,371.20 2 0
github.com/smartcontractkit/branch-out/jira/client.go:375.119,384.16 3 0
github.com/smartcontractkit/branch-out/jira/client.go:384.16,386.3 1 0
github.com/smartcontractkit/branch-out/jira/client.go:387.2,387.44 1 0
github.com/smartcontractkit/branch-out/jira/client.go:387.44,389.3 1 0
github.com/smartcontractkit/branch-out/jira/client.go:391.2,391.22 1 0
github.com/smartcontractkit/branch-out/jira/client.go:391.22,393.3 1 0
github.com/smartcontractkit/branch-out/jira/client.go:394.2,394.21 1 0
github.com/smartcontractkit/branch-out/jira/client.go:394.21,399.3 1 0
github.com/smartcontractkit/branch-out/jira/client.go:401.2,402.20 2 0
github.com/smartcontractkit/branch-out/jira/client.go:409.28,410.65 1 0
github.com/smartcontractkit/branch-out/jira/client.go:410.65,412.3 1 0
github.com/smartcontractkit/branch-out/jira/client.go:415.2,416.16 2 0
github.com/smartcontractkit/branch-out/jira/client.go:416.16,418.3 1 0
github.com/smartcontractkit/branch-out/jira/client.go:419.2,420.16 2 0
github.com/smartcontractkit/branch-out/jira/client.go:420.16,422.3 1 0
github.com/smartcontractkit/branch-out/jira/client.go:424.2,430.70 3 0
github.com/smartcontractkit/branch-out/jira/client.go:438.28,444.2 2 0
github.com/smartcontractkit/branch-out/jira/client.go:447.36,448.37 1 1
github.com/smartcontractkit/branch-out/jira/client.go:448.37,450.3 1 1
github.com/smartcontractkit/branch-out/jira/client.go:450.8,450.60 1 1
github.com/smartcontractkit/branch-out/jira/client.go:450.60,452.3 1 1
github.com/smartcontractkit/branch-out/jira/client.go:453.2,453.15 1 0
github.com/smartcontractkit/branch-out/jira/client.go:457.47,458.98 1 1
github.com/smartcontractkit/branch-out/jira/client.go:458.98,460.3 1 1
github.com/smartcontractkit/branch-out/jira/client.go:462.2,463.16 2 0
github.com/smartcontractkit/branch-out/jira/client.go:463.16,465.3 1 0
github.com/smartcontractkit/branch-out/jira/client.go:466.2,466.44 1 0
github.com/smartcontractkit/branch-out/jira/client.go:466.44,468.3 1 0
github.com/smartcontractkit/branch-out/jira/client.go:470.2,471.31 2 0
github.com/smartcontractkit/branch-out/jira/client.go:471.31,472.39 1 0
github.com/smartcontractkit/branch-out/jira/client.go:472.39,474.4 1 0
github.com/smartcontractkit/branch-out/jira/client.go:475.3,475.42 1 0
github.com/smartcontractkit/branch-out/jira/client.go:475.42,477.4 1 0
github.com/smartcontractkit/branch-out/jira/client.go:478.3,478.42 1 0
github.com/smartcontractkit/branch-out/jira/client.go:478.42,480.4 1 0
github.com/smartcontractkit/branch-out/jira/client.go:483.2,483.26 1 0
github.com/smartcontractkit/branch-out/jira/client.go:483.26,485.3 1 0
github.com/smartcontractkit/branch-out/jira/client.go:487.2,487.12 1 0
github.com/smartcontractkit/branch-out/jira/client.go:491.50,492.17 1 0
github.com/smartcontractkit/branch-out/jira/client.go:492.17,493.54 1 0
github.com/smartcontractkit/branch-out/jira/client.go:493.54,495.18 2 0
github.com/smartcontractkit/branch-out/jira/client.go:495.18,497.5 1 0
github.com/smartcontractkit/branch-out/jira/client.go:498.4,498.86 1 0
github.com/smartcontractkit/branch-out/jira/client.go:501.2,501.12 1 0
github.com/smartcontractkit/branch-out/jira/client.go:505.74,506.41 1 0
github.com/smartcontractkit/branch-out/jira/client.go:506.41,508.3 1 0
github.com/smartcontractkit/branch-out/jira/client.go:510.2,516.63 3 0
github.com/smartcontractkit/branch-out/jira/client.go:516.63,518.3 1 0
github.com/smartcontractkit/branch-out/jira/client.go:520.2,520.23 1 0
github.com/smartcontractkit/branch-out/jira/client.go:524.86,525.21 1 0
github.com/smartcontractkit/branch-out/jira/client.go:525.21,527.3 1 0
github.com/smartcontractkit/branch-out/jira/client.go:529.2,529.32 1 0
github.com/smartcontractkit/branch-out/jira/client.go:529.32,530.56 1 0
github.com/smartcontractkit/branch-out/jira/client.go:530.56,532.4 1 0
github.com/smartcontractkit/branch-out/jira/client.go:534.2,534.35 1 0
github.com/smartcontractkit/branch-out/jira/client.go:534.35,535.59 1 0
github.com/smartcontractkit/branch-out/jira/client.go:535.59,537.4 1 0
github.com/smartcontractkit/branch-out/jira/client.go:539.2,539.35 1 0
github.com/smartcontractkit/branch-out/jira/client.go:539.35,540.59 1 0
github.com/smartcontractkit/branch-out/jira/client.go:540.59,542.4 1 0
github.com/smartcontractkit/branch-out/jira/client.go:548.76,551.63 2 0
github.com/smartcontractkit/branch-out/jira/client.go:551.63,552.26 1 0
github.com/smartcontractkit/branch-out/jira/client.go:552.26,554.4 1 0
github.com/smartcontractkit/branch-out/jira/client.go:555.3,555.23 1 0
github.com/smartcontractkit/branch-out/jira/client.go:555.23,557.4 1 0
github.com/smartcontractkit/branch-out/processing/server.go:61.61,63.16 2 1
github.com/smartcontractkit/branch-out/processing/server.go:63.16,65.3 1 0
github.com/smartcontractkit/branch-out/processing/server.go:66.2,67.16 2 1
github.com/smartcontractkit/branch-out/processing/server.go:67.16,69.3 1 0
github.com/smartcontractkit/branch-out/processing/server.go:70.2,71.16 2 1
github.com/smartcontractkit/branch-out/processing/server.go:71.16,73.3 1 0
github.com/smartcontractkit/branch-out/processing/server.go:74.2,75.16 2 1
github.com/smartcontractkit/branch-out/processing/server.go:75.16,77.3 1 0
github.com/smartcontractkit/branch-out/processing/server.go:78.2,78.62 1 1
github.com/smartcontractkit/branch-out/processing/server.go:88.47,89.29 1 1
github.com/smartcontractkit/branch-out/processing/server.go:89.29,91.3 1 1
github.com/smartcontractkit/branch-out/processing/server.go:97.49,98.29 1 1
github.com/smartcontractkit/branch-out/processing/server.go:98.29,100.3 1 1
github.com/smartcontractkit/branch-out/processing/server.go:106.51,107.29 1 1
github.com/smartcontractkit/branch-out/processing/server.go:107.29,109.3 1 1
github.com/smartcontractkit/branch-out/processing/server.go:113.45,114.29 1 0
github.com/smartcontractkit/branch-out/processing/server.go:114.29,116.3 1 0
github.com/smartcontractkit/branch-out/processing/server.go:121.43,122.29 1 1
github.com/smartcontractkit/branch-out/processing/server.go:122.29,124.3 1 1
github.com/smartcontractkit/branch-out/processing/server.go:128.47,129.29 1 1
github.com/smartcontractkit/branch-out/processing/server.go:129.29,131.3 1 1
github.com/smartcontractkit/branch-out/processing/server.go:135.32,140.2 1 1
github.com/smartcontractkit/branch-out/processing/server.go:143.52,145.30 2 1
github.com/smartcontractkit/branch-out/processing/server.go:145.30,147.3 1 1
github.com/smartcontractkit/branch-out/processing/server.go:149.2,157.83 2 1
github.com/smartcontractkit/branch-out/processing/server.go:157.83,159.17 2 1
github.com/smartcontractkit/branch-out/processing/server.go:159.17,161.4 1 0
github.com/smartcontractkit/branch-out/processing/server.go:162.3,162.29 1 1
github.com/smartcontractkit/branch-out/processing/server.go:162.29,164.4 1 1
github.com/smartcontractkit/branch-out/processing/server.go:165.3,165.30 1 1
github.com/smartcontractkit/branch-out/processing/server.go:165.30,167.4 1 1
github.com/smartcontractkit/branch-out/processing/server.go:168.3,168.31 1 1
github.com/smartcontractkit/branch-out/processing/server.go:168.31,170.4 1 1
github.com/smartcontractkit/branch-out/processing/server.go:171.3,171.28 1 1
github.com/smartcontractkit/branch-out/processing/server.go:171.28,173.4 1 1
github.com/smartcontractkit/branch-out/processing/server.go:177.2,202.8 3 1
github.com/smartcontractkit/branch-out/processing/server.go:207.32,209.2 1 1
github.com/smartcontractkit/branch-out/processing/server.go:213.51,214.16 1 1
github.com/smartcontractkit/branch-out/processing/server.go:214.16,216.3 1 0
github.com/smartcontractkit/branch-out/processing/server.go:219.2,226.16 3 1
github.com/smartcontractkit/branch-out/processing/server.go:226.16,229.3 2 0
github.com/smartcontractkit/branch-out/processing/server.go:230.2,249.37 11 1
github.com/smartcontractkit/branch-out/processing/server.go:249.37,251.3 1 1
github.com/smartcontractkit/branch-out/processing/server.go:254.2,254.21 1 1
github.com/smartcontractkit/branch-out/processing/server.go:254.21,256.42 2 1
github.com/smartcontractkit/branch-out/processing/server.go:256.42,260.4 3 0
github.com/smartcontractkit/branch-out/processing/server.go:264.2,269.12 4 1
github.com/smartcontractkit/branch-out/processing/server.go:269.12,276.60 4 1
github.com/smartcontractkit/branch-out/processing/server.go:276.60,278.4 1 0
github.com/smartcontractkit/branch-out/processing/server.go:279.3,279.40 1 1
github.com/smartcontractkit/branch-out/processing/server.go:283.2,283.9 1 1
github.com/smartcontractkit/branch-out/processing/server.go:284.30,287.15 3 0
github.com/smartcontractkit/branch-out/processing/server.go:288.24,289.78 1 0
github.com/smartcontractkit/branch-out/processing/server.go:290.20,291.65 1 1
github.com/smartcontractkit/branch-out/processing/server.go:294.2,295.16 2 1
github.com/smartcontractkit/branch-out/processing/server.go:295.16,298.3 2 0
github.com/smartcontractkit/branch-out/processing/server.go:299.2,299.12 1 1
github.com/smartcontractkit/branch-out/processing/server.go:303.57,305.16 2 1
github.com/smartcontractkit/branch-out/processing/server.go:305.16,307.3 1 0
github.com/smartcontractkit/branch-out/processing/server.go:308.2,308.32 1 1
github.com/smartcontractkit/branch-out/processing/server.go:308.32,310.3 1 0
github.com/smartcontractkit/branch-out/processing/server.go:312.2,315.6 3 1
github.com/smartcontractkit/branch-out/processing/server.go:315.6,316.10 1 1
github.com/smartcontractkit/branch-out/processing/server.go:317.21,318.20 1 0
github.com/smartcontractkit/branch-out/processing/server.go:319.18,321.18 2 1
github.com/smartcontractkit/branch-out/processing/server.go:321.18,323.5 1 0
github.com/smartcontractkit/branch-out/processing/server.go:324.4,324.34 1 1
github.com/smartcontractkit/branch-out/processing/server.go:324.34,326.5 1 1
github.com/smartcontractkit/branch-out/processing/server.go:332.35,334.21 1 1
github.com/smartcontractkit/branch-out/processing/server.go:334.21,336.41 2 1
github.com/smartcontractkit/branch-out/processing/server.go:336.41,339.4 1 0
github.com/smartcontractkit/branch-out/processing/server.go:343.2,347.55 3 1
github.com/smartcontractkit/branch-out/processing/server.go:347.55,350.52 2 0
github.com/smartcontractkit/branch-out/processing/server.go:350.52,353.4 2 0
github.com/smartcontractkit/branch-out/processing/server.go:354.3,354.13 1 0
github.com/smartcontractkit/branch-out/processing/server.go:356.2,356.12 1 1
github.com/smartcontractkit/branch-out/processing/server.go:360.31,361.21 1 0
github.com/smartcontractkit/branch-out/processing/server.go:361.21,363.3 1 0
github.com/smartcontractkit/branch-out/processing/server.go:364.2,364.21 1 0
github.com/smartcontractkit/branch-out/processing/server.go:374.51,376.23 1 1
github.com/smartcontractkit/branch-out/processing/server.go:376.23,382.3 2 1
github.com/smartcontractkit/branch-out/processing/server.go:384.2,391.22 3 1
github.com/smartcontractkit/branch-out/processing/server.go:401.69,412.22 4 0
github.com/smartcontractkit/branch-out/processing/server.go:413.25,416.35 2 0
github.com/smartcontractkit/branch-out/processing/server.go:417.10,418.65 1 0
github.com/smartcontractkit/branch-out/processing/server.go:421.2,421.16 1 0
github.com/smartcontractkit/branch-out/processing/server.go:421.16,427.3 2 0
github.com/smartcontractkit/branch-out/processing/server.go:427.8,432.3 1 0
github.com/smartcontractkit/branch-out/processing/server.go:434.2,434.17 1 0
github.com/smartcontractkit/branch-out/processing/server.go:439.47,440.54 1 0
github.com/smartcontractkit/branch-out/processing/server.go:440.54,448.57 4 0
github.com/smartcontractkit/branch-out/processing/server.go:448.57,450.4 1 0
github.com/smartcontractkit/branch-out/processing/server.go:454.53,455.54 1 1
github.com/smartcontractkit/branch-out/processing/server.go:455.54,457.24 1 1
github.com/smartcontractkit/branch-out/processing/server.go:457.24,460.4 2 1
github.com/smartcontractkit/branch-out/processing/server.go:463.3,463.24 1 0
github.com/smartcontractkit/branch-out/processing/server.go:467.48,468.54 1 1
github.com/smartcontractkit/branch-out/processing/server.go:468.54,471.17 3 0
github.com/smartcontractkit/branch-out/processing/server.go:471.17,475.4 3 0
github.com/smartcontractkit/branch-out/processing/server.go:477.3,480.59 3 0
github.com/smartcontractkit/branch-out/processing/server.go:480.59,482.4 1 0
github.com/smartcontractkit/branch-out/processing/server.go:486.49,487.54 1 1
github.com/smartcontractkit/branch-out/processing/server.go:487.54,489.34 2 0
github.com/smartcontractkit/branch-out/processing/server.go:489.34,492.4 2 0
github.com/smartcontractkit/branch-out/processing/server.go:495.3,501.23 3 0
github.com/smartcontractkit/branch-out/processing/server.go:501.23,503.4 1 0
github.com/smartcontractkit/branch-out/processing/server.go:503.9,505.4 1 0
github.com/smartcontractkit/branch-out/processing/server.go:508.3,508.61 1 0
github.com/smartcontractkit/branch-out/processing/server.go:508.61,510.4 1 0
github.com/smartcontractkit/branch-out/processing/server.go:515.68,516.71 1 1
github.com/smartcontractkit/branch-out/processing/server.go:516.71,542.3 5 1
github.com/smartcontractkit/branch-out/processing/server.go:553.55,556.2 2 1
github.com/smartcontractkit/branch-out/processing/server.go:559.59,563.2 3 1
github.com/smartcontractkit/branch-out/processing/webhook_handler.go:27.106,33.2 1 0
github.com/smartcontractkit/branch-out/processing/webhook_handler.go:36.65,38.77 1 0
github.com/smartcontractkit/branch-out/processing/webhook_handler.go:38.77,40.3 1 0
github.com/smartcontractkit/branch-out/processing/webhook_handler.go:43.2,44.16 2 0
github.com/smartcontractkit/branch-out/processing/webhook_handler.go:44.16,47.3 2 0
github.com/smartcontractkit/branch-out/processing/webhook_handler.go:48.2,48.15 1 0
github.com/smartcontractkit/branch-out/processing/webhook_handler.go:48.15,49.42 1 0
github.com/smartcontractkit/branch-out/processing/webhook_handler.go:49.42,51.4 1 0
github.com/smartcontractkit/branch-out/processing/webhook_handler.go:54.2,58.62 3 0
github.com/smartcontractkit/branch-out/processing/webhook_handler.go:58.62,64.3 2 0
github.com/smartcontractkit/branch-out/processing/webhook_handler.go:66.2,79.16 3 0
github.com/smartcontractkit/branch-out/processing/webhook_handler.go:79.16,82.3 2 0
github.com/smartcontractkit/branch-out/processing/webhook_handler.go:84.2,85.12 2 0
github.com/smartcontractkit/branch-out/processing/webhook_handler.go:90.92,92.16 2 1
github.com/smartcontractkit/branch-out/processing/webhook_handler.go:92.16,94.3 1 0
github.com/smartcontractkit/branch-out/processing/webhook_handler.go:96.2,97.16 2 1
github.com/smartcontractkit/branch-out/processing/webhook_handler.go:97.16,99.3 1 0
github.com/smartcontractkit/branch-out/processing/webhook_handler.go:100.2,100.15 1 1
github.com/smartcontractkit/branch-out/processing/webhook_handler.go:100.15,101.42 1 1
github.com/smartcontractkit/branch-out/processing/webhook_handler.go:101.42,103.4 1 0
github.com/smartcontractkit/branch-out/processing/webhook_handler.go:105.2,107.39 2 1
github.com/smartcontractkit/branch-out/processing/webhook_handler.go:112.111,113.16 1 1
github.com/smartcontractkit/branch-out/processing/webhook_handler.go:113.16,115.3 1 0
github.com/smartcontractkit/branch-out/processing/webhook_handler.go:117.2,117.21 1 1
github.com/smartcontractkit/branch-out/processing/webhook_handler.go:117.21,119.3 1 0
github.com/smartcontractkit/branch-out/processing/webhook_handler.go:122.2,123.16 2 1
github.com/smartcontractkit/branch-out/processing/webhook_handler.go:123.16,125.3 1 0
github.com/smartcontractkit/branch-out/processing/webhook_handler.go:127.2,127.23 1 1
github.com/smartcontractkit/branch-out/processing/webhook_handler.go:127.23,129.3 1 1
github.com/smartcontractkit/branch-out/processing/webhook_handler.go:132.2,136.16 4 1
github.com/smartcontractkit/branch-out/processing/webhook_handler.go:136.16,138.3 1 0
github.com/smartcontractkit/branch-out/processing/webhook_handler.go:139.2,139.15 1 1
github.com/smartcontractkit/branch-out/processing/webhook_handler.go:139.15,140.42 1 1
github.com/smartcontractkit/branch-out/processing/webhook_handler.go:140.42,142.4 1 0
github.com/smartcontractkit/branch-out/processing/webhook_handler.go:144.2,148.16 3 1
github.com/smartcontractkit/branch-out/processing/webhook_handler.go:148.16,150.3 1 0
github.com/smartcontractkit/branch-out/processing/webhook_handler.go:151.2,153.17 2 1
github.com/smartcontractkit/branch-out/processing/worker.go:52.11,55.30 2 1
github.com/smartcontractkit/branch-out/processing/worker.go:55.30,57.3 1 0
github.com/smartcontractkit/branch-out/processing/worker.go:59.2,68.3 1 1
github.com/smartcontractkit/branch-out/processing/worker.go:72.32,76.15 3 1
github.com/smartcontractkit/branch-out/processing/worker.go:76.15,78.3 1 0
github.com/smartcontractkit/branch-out/processing/worker.go:80.2,89.12 5 1
github.com/smartcontractkit/branch-out/processing/worker.go:93.31,95.16 2 1
github.com/smartcontractkit/branch-out/processing/worker.go:95.16,98.3 2 0
github.com/smartcontractkit/branch-out/processing/worker.go:99.2,111.12 7 1
github.com/smartcontractkit/branch-out/processing/worker.go:115.35,119.2 3 0
github.com/smartcontractkit/branch-out/processing/worker.go:122.24,128.6 4 1
github.com/smartcontractkit/branch-out/processing/worker.go:128.6,129.10 1 1
github.com/smartcontractkit/branch-out/processing/worker.go:130.23,132.10 2 1
github.com/smartcontractkit/branch-out/processing/worker.go:133.19,134.22 1 0
github.com/smartcontractkit/branch-out/processing/worker.go:140.35,149.16 5 0
github.com/smartcontractkit/branch-out/processing/worker.go:149.16,152.3 2 0
github.com/smartcontractkit/branch-out/processing/worker.go:154.2,154.31 1 0
github.com/smartcontractkit/branch-out/processing/worker.go:154.31,157.3 2 0
github.com/smartcontractkit/branch-out/processing/worker.go:160.2,160.42 1 0
github.com/smartcontractkit/branch-out/processing/worker.go:160.42,162.3 1 0
github.com/smartcontractkit/branch-out/processing/worker.go:166.77,167.57 1 0
github.com/smartcontractkit/branch-out/processing/worker.go:167.57,170.3 2 0
github.com/smartcontractkit/branch-out/processing/worker.go:172.2,184.16 6 0
github.com/smartcontractkit/branch-out/processing/worker.go:184.16,189.3 2 0
github.com/smartcontractkit/branch-out/processing/worker.go:192.2,193.16 2 0
github.com/smartcontractkit/branch-out/processing/worker.go:193.16,197.3 2 0
github.com/smartcontractkit/branch-out/processing/worker.go:199.2,199.64 1 0
github.com/smartcontractkit/branch-out/processing/worker.go:203.39,204.16 1 0
github.com/smartcontractkit/branch-out/processing/worker.go:204.16,206.3 1 0
github.com/smartcontractkit/branch-out/processing/worker.go:207.2,207.13 1 0
github.com/smartcontractkit/branch-out/processing/worker.go:211.62,212.42 1 0
github.com/smartcontractkit/branch-out/processing/worker.go:212.42,214.3 1 0
github.com/smartcontractkit/branch-out/processing/worker.go:216.2,219.70 3 0
github.com/smartcontractkit/branch-out/processing/worker.go:219.70,225.3 2 0
github.com/smartcontractkit/branch-out/processing/worker.go:227.2,234.54 2 0
github.com/smartcontractkit/branch-out/processing/worker.go:238.111,250.23 5 0
github.com/smartcontractkit/branch-out/processing/worker.go:251.33,252.44 1 0
github.com/smartcontractkit/branch-out/processing/worker.go:253.34,254.45 1 0
github.com/smartcontractkit/branch-out/processing/worker.go:255.35,256.46 1 0
github.com/smartcontractkit/branch-out/processing/worker.go:259.2,259.12 1 0
github.com/smartcontractkit/branch-out/processing/worker.go:263.99,270.16 4 0
github.com/smartcontractkit/branch-out/processing/worker.go:270.16,272.3 1 0
github.com/smartcontractkit/branch-out/processing/worker.go:275.2,286.16 2 0
github.com/smartcontractkit/branch-out/processing/worker.go:286.16,288.3 1 0
github.com/smartcontractkit/branch-out/processing/worker.go:290.2,290.12 1 0
github.com/smartcontractkit/branch-out/processing/worker.go:294.100,296.2 1 0
github.com/smartcontractkit/branch-out/processing/worker.go:299.90,301.2 1 0
github.com/smartcontractkit/branch-out/processing/worker.go:304.40,305.25 1 0
github.com/smartcontractkit/branch-out/processing/worker.go:305.25,307.3 1 0
github.com/smartcontractkit/branch-out/processing/worker.go:308.2,308.26 1 0
github.com/smartcontractkit/branch-out/processing/worker.go:308.26,310.3 1 0
github.com/smartcontractkit/branch-out/processing/worker.go:311.2,311.27 1 0
github.com/smartcontractkit/branch-out/processing/worker.go:311.27,313.3 1 0
github.com/smartcontractkit/branch-out/processing/worker.go:314.2,314.12 1 0
github.com/smartcontractkit/branch-out/processing/worker.go:321.32,336.16 3 0
github.com/smartcontractkit/branch-out/processing/worker.go:336.16,338.3 1 0
github.com/smartcontractkit/branch-out/processing/worker.go:340.2,351.55 3 0
github.com/smartcontractkit/branch-out/processing/worker.go:351.55,354.17 2 0
github.com/smartcontractkit/branch-out/processing/worker.go:354.17,356.4 1 0
github.com/smartcontractkit/branch-out/processing/worker.go:357.8,357.23 1 0
github.com/smartcontractkit/branch-out/processing/worker.go:357.23,360.3 1 0
github.com/smartcontractkit/branch-out/processing/worker.go:363.2,363.112 1 0
github.com/smartcontractkit/branch-out/processing/worker.go:363.112,366.3 1 0
github.com/smartcontractkit/branch-out/processing/worker.go:368.2,368.19 1 0
github.com/smartcontractkit/branch-out/processing/worker.go:379.9,389.2 2 0
github.com/smartcontractkit/branch-out/github/auth.go:33.63,34.21 1 1
github.com/smartcontractkit/branch-out/github/auth.go:34.21,36.3 1 1
github.com/smartcontractkit/branch-out/github/auth.go:38.2,38.21 1 1
github.com/smartcontractkit/branch-out/github/auth.go:38.21,40.3 1 1
github.com/smartcontractkit/branch-out/github/auth.go:42.2,43.16 2 1
github.com/smartcontractkit/branch-out/github/auth.go:43.16,45.3 1 1
github.com/smartcontractkit/branch-out/github/auth.go:47.2,49.26 2 1
github.com/smartcontractkit/branch-out/github/auth.go:49.26,51.3 1 1
github.com/smartcontractkit/branch-out/github/auth.go:51.8,51.37 1 1
github.com/smartcontractkit/branch-out/github/auth.go:51.37,53.17 2 1
github.com/smartcontractkit/branch-out/github/auth.go:53.17,55.4 1 1
github.com/smartcontractkit/branch-out/github/auth.go:58.2,58.31 1 1
github.com/smartcontractkit/branch-out/github/auth.go:58.31,60.3 1 1
github.com/smartcontractkit/branch-out/github/auth.go:62.2,62.30 1 1
github.com/smartcontractkit/branch-out/github/auth.go:62.30,64.3 1 1
github.com/smartcontractkit/branch-out/github/auth.go:65.2,66.16 2 1
github.com/smartcontractkit/branch-out/github/auth.go:66.16,68.3 1 1
github.com/smartcontractkit/branch-out/github/auth.go:70.2,71.16 2 1
github.com/smartcontractkit/branch-out/github/auth.go:71.16,73.3 1 1
github.com/smartcontractkit/branch-out/github/auth.go:75.2,79.8 1 1
github.com/smartcontractkit/branch-out/github/client.go:40.52,41.32 1 1
github.com/smartcontractkit/branch-out/github/client.go:41.32,43.3 1 1
github.com/smartcontractkit/branch-out/github/client.go:47.53,48.32 1 1
github.com/smartcontractkit/branch-out/github/client.go:48.32,50.3 1 1
github.com/smartcontractkit/branch-out/github/client.go:57.20,59.30 2 1
github.com/smartcontractkit/branch-out/github/client.go:59.30,61.3 1 1
github.com/smartcontractkit/branch-out/github/client.go:63.2,67.16 4 1
github.com/smartcontractkit/branch-out/github/client.go:67.16,69.3 1 1
github.com/smartcontractkit/branch-out/github/client.go:71.2,71.79 1 1
github.com/smartcontractkit/branch-out/github/client.go:71.79,73.25 2 1
github.com/smartcontractkit/branch-out/github/client.go:73.25,75.4 1 1
github.com/smartcontractkit/branch-out/github/client.go:76.3,76.26 1 1
github.com/smartcontractkit/branch-out/github/client.go:76.26,78.4 1 1
github.com/smartcontractkit/branch-out/github/client.go:79.3,79.25 1 1
github.com/smartcontractkit/branch-out/github/client.go:79.25,81.4 1 1
github.com/smartcontractkit/branch-out/github/client.go:82.3,82.27 1 1
github.com/smartcontractkit/branch-out/github/client.go:82.27,84.4 1 1
github.com/smartcontractkit/branch-out/github/client.go:85.3,85.30 1 1
github.com/smartcontractkit/branch-out/github/client.go:88.2,88.83 1 1
github.com/smartcontractkit/branch-out/github/client.go:88.83,90.25 2 1
github.com/smartcontractkit/branch-out/github/client.go:90.25,92.4 1 1
github.com/smartcontractkit/branch-out/github/client.go:93.3,93.26 1 1
github.com/smartcontractkit/branch-out/github/client.go:93.26,95.4 1 1
github.com/smartcontractkit/branch-out/github/client.go:96.3,96.27 1 1
github.com/smartcontractkit/branch-out/github/client.go:96.27,98.4 1 1
github.com/smartcontractkit/branch-out/github/client.go:99.3,99.32 1 1
github.com/smartcontractkit/branch-out/github/client.go:99.32,101.4 1 1
github.com/smartcontractkit/branch-out/github/client.go:102.3,102.30 1 1
github.com/smartcontractkit/branch-out/github/client.go:106.2,109.31 2 1
github.com/smartcontractkit/branch-out/github/client.go:109.31,114.3 1 1
github.com/smartcontractkit/branch-out/github/client.go:117.2,130.31 5 1
github.com/smartcontractkit/branch-out/github/client.go:130.31,135.3 1 1
github.com/smartcontractkit/branch-out/github/client.go:137.2,137.27 1 1
github.com/smartcontractkit/branch-out/github/client.go:137.27,139.3 1 0
github.com/smartcontractkit/branch-out/github/client.go:139.8,141.3 1 1
github.com/smartcontractkit/branch-out/github/client.go:143.2,143.20 1 1
github.com/smartcontractkit/branch-out/github/operations.go:21.92,23.16 2 0
github.com/smartcontractkit/branch-out/github/operations.go:23.16,25.3 1 0
github.com/smartcontractkit/branch-out/github/operations.go:26.2,26.38 1 0
github.com/smartcontractkit/branch-out/github/operations.go:26.38,28.3 1 0
github.com/smartcontractkit/branch-out/github/operations.go:29.2,29.39 1 0
github.com/smartcontractkit/branch-out/github/operations.go:33.110,35.16 2 0
github.com/smartcontractkit/branch-out/github/operations.go:35.16,37.49 1 0
github.com/smartcontractkit/branch-out/github/operations.go:37.49,39.4 1 0
github.com/smartcontractkit/branch-out/github/operations.go:40.3,40.74 1 0
github.com/smartcontractkit/branch-out/github/operations.go:43.2,44.15 2 0
github.com/smartcontractkit/branch-out/github/operations.go:44.15,46.3 1 0
github.com/smartcontractkit/branch-out/github/operations.go:48.2,48.23 1 0
github.com/smartcontractkit/branch-out/github/operations.go:52.85,54.16 2 0
github.com/smartcontractkit/branch-out/github/operations.go:54.16,56.3 1 0
github.com/smartcontractkit/branch-out/github/operations.go:59.2,63.51 2 0
github.com/smartcontractkit/branch-out/github/operations.go:63.51,65.3 1 0
github.com/smartcontractkit/branch-out/github/operations.go:68.2,71.16 3 0
github.com/smartcontractkit/branch-out/github/operations.go:71.16,76.17 3 0
github.com/smartcontractkit/branch-out/github/operations.go:76.17,78.4 1 0
github.com/smartcontractkit/branch-out/github/operations.go:81.3,86.17 2 0
github.com/smartcontractkit/branch-out/github/operations.go:86.17,88.4 1 0
github.com/smartcontractkit/branch-out/github/operations.go:89.8,95.17 2 0
github.com/smartcontractkit/branch-out/github/operations.go:95.17,97.4 1 0
github.com/smartcontractkit/branch-out/github/operations.go:100.2,100.12 1 0
github.com/smartcontractkit/branch-out/github/operations.go:104.85,106.16 2 0
github.com/smartcontractkit/branch-out/github/operations.go:106.16,108.3 1 0
github.com/smartcontractkit/branch-out/github/operations.go:109.2,113.16 3 0
github.com/smartcontractkit/branch-out/github/operations.go:113.16,115.3 1 0
github.com/smartcontractkit/branch-out/github/operations.go:116.2,123.16 4 0
github.com/smartcontractkit/branch-out/github/operations.go:123.16,125.3 1 0
github.com/smartcontractkit/branch-out/github/operations.go:127.2,127.28 1 0
github.com/smartcontractkit/branch-out/github/operations.go:135.19,138.36 2 0
github.com/smartcontractkit/branch-out/github/operations.go:138.36,140.17 2 0
github.com/smartcontractkit/branch-out/github/operations.go:140.17,142.4 1 0
github.com/smartcontractkit/branch-out/github/operations.go:143.3,146.5 1 0
github.com/smartcontractkit/branch-out/github/operations.go:149.2,176.16 5 0
github.com/smartcontractkit/branch-out/github/operations.go:176.16,178.3 1 0
github.com/smartcontractkit/branch-out/github/operations.go:180.2,180.47 1 0
github.com/smartcontractkit/branch-out/github/operations.go:184.54,186.21 2 0
github.com/smartcontractkit/branch-out/github/operations.go:186.21,188.3 1 0
github.com/smartcontractkit/branch-out/github/operations.go:189.2,189.27 1 0
github.com/smartcontractkit/branch-out/github/operations.go:193.56,197.73 3 0
github.com/smartcontractkit/branch-out/github/operations.go:197.73,199.3 1 0
github.com/smartcontractkit/branch-out/github/operations.go:200.2,200.40 1 0
github.com/smartcontractkit/branch-out/github/operations.go:200.40,202.3 1 0
github.com/smartcontractkit/branch-out/github/operations.go:203.2,203.26 1 0
github.com/smartcontractkit/branch-out/github/operations.go:210.19,219.16 3 0
github.com/smartcontractkit/branch-out/github/operations.go:219.16,221.3 1 0
github.com/smartcontractkit/branch-out/github/operations.go:223.2,224.19 2 0
github.com/smartcontractkit/branch-out/github/operations.go:231.32,238.16 2 0
github.com/smartcontractkit/branch-out/github/operations.go:238.16,240.3 1 0
github.com/smartcontractkit/branch-out/github/operations.go:243.2,243.18 1 0
github.com/smartcontractkit/branch-out/github/operations.go:243.18,245.3 1 0
github.com/smartcontractkit/branch-out/github/operations.go:247.2,247.17 1 0
github.com/smartcontractkit/branch-out/github/operations.go:256.19,263.16 3 0
github.com/smartcontractkit/branch-out/github/operations.go:263.16,265.3 1 0
github.com/smartcontractkit/branch-out/github/operations.go:267.2,267.36 1 0
github.com/smartcontractkit/branch-out/github/quarantine.go:28.59,29.47 1 0
github.com/smartcontractkit/branch-out/github/quarantine.go:29.47,31.3 1 0
github.com/smartcontractkit/branch-out/github/quarantine.go:41.9,43.30 2 0
github.com/smartcontractkit/branch-out/github/quarantine.go:43.30,45.3 1 0
github.com/smartcontractkit/branch-out/github/quarantine.go:47.2,48.16 2 0
github.com/smartcontractkit/branch-out/github/quarantine.go:48.16,50.3 1 0
github.com/smartcontractkit/branch-out/github/quarantine.go:52.2,57.16 4 0
github.com/smartcontractkit/branch-out/github/quarantine.go:57.16,60.3 2 0
github.com/smartcontractkit/branch-out/github/quarantine.go:61.2,66.16 4 0
github.com/smartcontractkit/branch-out/github/quarantine.go:66.16,68.3 1 0
github.com/smartcontractkit/branch-out/github/quarantine.go:69.2,69.15 1 0
github.com/smartcontractkit/branch-out/github/quarantine.go:69.15,70.48 1 0
github.com/smartcontractkit/branch-out/github/quarantine.go:70.48,72.4 1 0
github.com/smartcontractkit/branch-out/github/quarantine.go:74.2,79.16 4 0
github.com/smartcontractkit/branch-out/github/quarantine.go:79.16,82.3 2 0
github.com/smartcontractkit/branch-out/github/quarantine.go:85.2,86.16 2 0
github.com/smartcontractkit/branch-out/github/quarantine.go:86.16,89.3 2 0
github.com/smartcontractkit/branch-out/github/quarantine.go:92.2,93.16 2 0
github.com/smartcontractkit/branch-out/github/quarantine.go:93.16,95.3 1 0
github.com/smartcontractkit/branch-out/github/quarantine.go:98.2,99.16 2 0
github.com/smartcontractkit/branch-out/github/quarantine.go:99.16,102.3 2 0
github.com/smartcontractkit/branch-out/github/quarantine.go:103.2,107.16 3 0
github.com/smartcontractkit/branch-out/github/quarantine.go:107.16,110.3 2 0
github.com/smartcontractkit/branch-out/github/quarantine.go:112.2,118.12 2 0
github.com/smartcontractkit/branch-out/github/quarantine.go:122.98,124.16 2 0
github.com/smartcontractkit/branch-out/github/quarantine.go:124.16,126.3 1 0
github.com/smartcontractkit/branch-out/github/quarantine.go:128.2,130.37 2 0
github.com/smartcontractkit/branch-out/github/quarantine.go:134.111,136.16 2 0
github.com/smartcontractkit/branch-out/github/quarantine.go:136.16,138.3 1 0
github.com/smartcontractkit/branch-out/github/quarantine.go:140.2,140.18 1 0
github.com/smartcontractkit/branch-out/github/quarantine.go:140.18,142.3 1 0
github.com/smartcontractkit/branch-out/github/quarantine.go:145.2,150.68 3 0
github.com/smartcontractkit/branch-out/github/quarantine.go:150.68,152.3 1 0
github.com/smartcontractkit/branch-out/github/quarantine.go:153.2,153.43 1 0
github.com/smartcontractkit/branch-out/github/quarantine.go:153.43,155.3 1 0
github.com/smartcontractkit/branch-out/github/quarantine.go:157.2,157.27 1 0
github.com/smartcontractkit/branch-out/github/quarantine.go:164.53,169.34 4 0
github.com/smartcontractkit/branch-out/github/quarantine.go:169.34,171.41 1 0
github.com/smartcontractkit/branch-out/github/quarantine.go:171.41,174.4 2 0
github.com/smartcontractkit/branch-out/github/quarantine.go:178.2,187.16 2 0
github.com/smartcontractkit/branch-out/github/quarantine.go:187.16,189.3 1 0
github.com/smartcontractkit/branch-out/github/quarantine.go:191.2,191.17 1 0
github.com/smartcontractkit/branch-out/github/quarantine.go:199.19,204.16 4 0
github.com/smartcontractkit/branch-out/github/quarantine.go:204.16,207.3 2 0
github.com/smartcontractkit/branch-out/github/quarantine.go:209.2,210.23 2 0
github.com/smartcontractkit/branch-out/github/quarantine.go:210.23,213.17 3 0
github.com/smartcontractkit/branch-out/github/quarantine.go:213.17,216.4 2 0
github.com/smartcontractkit/branch-out/github/quarantine.go:217.8,220.17 3 0
github.com/smartcontractkit/branch-out/github/quarantine.go:220.17,223.4 2 0
github.com/smartcontractkit/branch-out/github/quarantine.go:226.2,226.19 1 0
github.com/smartcontractkit/branch-out/github/quarantine.go:230.73,231.19 1 1
github.com/smartcontractkit/branch-out/github/quarantine.go:231.19,233.3 1 1
github.com/smartcontractkit/branch-out/github/quarantine.go:236.2,237.16 2 1
github.com/smartcontractkit/branch-out/github/quarantine.go:237.16,239.3 1 0
github.com/smartcontractkit/branch-out/github/quarantine.go:241.2,247.20 4 1
github.com/smartcontractkit/branch-out/github/quarantine.go:247.20,249.3 1 1
github.com/smartcontractkit/branch-out/github/quarantine.go:251.2,257.31 4 1
github.com/smartcontractkit/branch-out/golang/packages.go:29.40,32.33 3 0
github.com/smartcontractkit/branch-out/golang/packages.go:32.33,34.3 1 0
github.com/smartcontractkit/branch-out/golang/packages.go:36.2,36.42 1 0
github.com/smartcontractkit/branch-out/golang/packages.go:41.68,42.43 1 1
github.com/smartcontractkit/branch-out/golang/packages.go:42.43,44.3 1 1
github.com/smartcontractkit/branch-out/golang/packages.go:46.2,47.30 2 0
github.com/smartcontractkit/branch-out/golang/packages.go:47.30,49.3 1 0
github.com/smartcontractkit/branch-out/golang/packages.go:51.2,56.3 1 0
github.com/smartcontractkit/branch-out/golang/packages.go:71.39,79.24 8 0
github.com/smartcontractkit/branch-out/golang/packages.go:79.24,82.3 2 0
github.com/smartcontractkit/branch-out/golang/packages.go:83.2,83.28 1 0
github.com/smartcontractkit/branch-out/golang/packages.go:83.28,86.3 2 0
github.com/smartcontractkit/branch-out/golang/packages.go:87.2,87.29 1 0
github.com/smartcontractkit/branch-out/golang/packages.go:87.29,89.3 1 0
github.com/smartcontractkit/branch-out/golang/packages.go:90.2,94.21 4 0
github.com/smartcontractkit/branch-out/golang/packages.go:101.93,103.16 2 1
github.com/smartcontractkit/branch-out/golang/packages.go:103.16,105.3 1 0
github.com/smartcontractkit/branch-out/golang/packages.go:107.2,113.16 5 1
github.com/smartcontractkit/branch-out/golang/packages.go:113.16,115.3 1 0
github.com/smartcontractkit/branch-out/golang/packages.go:117.2,117.25 1 1
github.com/smartcontractkit/branch-out/golang/packages.go:117.25,120.3 2 0
github.com/smartcontractkit/branch-out/golang/packages.go:122.2,129.35 3 1
github.com/smartcontractkit/branch-out/golang/packages.go:129.35,131.17 2 1
github.com/smartcontractkit/branch-out/golang/packages.go:131.17,133.4 1 0
github.com/smartcontractkit/branch-out/golang/packages.go:136.3,136.45 1 1
github.com/smartcontractkit/branch-out/golang/packages.go:139.2,139.38 1 1
github.com/smartcontractkit/branch-out/golang/packages.go:139.38,150.3 1 1
github.com/smartcontractkit/branch-out/golang/packages.go:152.2,153.20 2 1
github.com/smartcontractkit/branch-out/golang/packages.go:157.61,160.85 2 1
github.com/smartcontractkit/branch-out/golang/packages.go:160.85,161.17 1 1
github.com/smartcontractkit/branch-out/golang/packages.go:161.17,163.4 1 0
github.com/smartcontractkit/branch-out/golang/packages.go:166.3,166.87 1 1
github.com/smartcontractkit/branch-out/golang/packages.go:166.87,168.4 1 0
github.com/smartcontractkit/branch-out/golang/packages.go:170.3,170.30 1 1
github.com/smartcontractkit/branch-out/golang/packages.go:170.30,172.4 1 1
github.com/smartcontractkit/branch-out/golang/packages.go:174.3,174.13 1 1
github.com/smartcontractkit/branch-out/golang/packages.go:177.2,177.23 1 1
github.com/smartcontractkit/branch-out/golang/packages.go:181.118,190.16 3 1
github.com/smartcontractkit/branch-out/golang/packages.go:190.16,192.3 1 0
github.com/smartcontractkit/branch-out/golang/packages.go:194.2,196.27 2 1
github.com/smartcontractkit/branch-out/golang/packages.go:196.27,197.26 1 1
github.com/smartcontractkit/branch-out/golang/packages.go:197.26,198.38 1 0
github.com/smartcontractkit/branch-out/golang/packages.go:198.38,203.5 1 0
github.com/smartcontractkit/branch-out/golang/packages.go:206.3,212.24 2 1
github.com/smartcontractkit/branch-out/golang/packages.go:212.24,214.4 1 1
github.com/smartcontractkit/branch-out/golang/packages.go:217.3,217.36 1 1
github.com/smartcontractkit/branch-out/golang/packages.go:217.36,218.43 1 1
github.com/smartcontractkit/branch-out/golang/packages.go:218.43,220.5 1 1
github.com/smartcontractkit/branch-out/golang/packages.go:220.10,222.5 1 1
github.com/smartcontractkit/branch-out/golang/packages.go:225.3,225.27 1 1
github.com/smartcontractkit/branch-out/golang/packages.go:225.27,227.4 1 1
github.com/smartcontractkit/branch-out/golang/packages.go:229.3,229.33 1 1
github.com/smartcontractkit/branch-out/golang/packages.go:232.2,232.20 1 1
github.com/smartcontractkit/branch-out/golang/quarantine.go:36.44,38.27 2 1
github.com/smartcontractkit/branch-out/golang/quarantine.go:38.27,42.32 4 1
github.com/smartcontractkit/branch-out/golang/quarantine.go:42.32,44.45 2 1
github.com/smartcontractkit/branch-out/golang/quarantine.go:44.45,45.37 1 1
github.com/smartcontractkit/branch-out/golang/quarantine.go:45.37,47.6 1 1
github.com/smartcontractkit/branch-out/golang/quarantine.go:47.11,49.6 1 1
github.com/smartcontractkit/branch-out/golang/quarantine.go:51.9,53.4 1 0
github.com/smartcontractkit/branch-out/golang/quarantine.go:55.3,55.31 1 1
github.com/smartcontractkit/branch-out/golang/quarantine.go:55.31,57.44 2 0
github.com/smartcontractkit/branch-out/golang/quarantine.go:57.44,59.5 1 0
github.com/smartcontractkit/branch-out/golang/quarantine.go:60.9,62.4 1 1
github.com/smartcontractkit/branch-out/golang/quarantine.go:64.2,64.19 1 1
github.com/smartcontractkit/branch-out/golang/quarantine.go:69.46,74.27 4 0
github.com/smartcontractkit/branch-out/golang/quarantine.go:74.27,76.31 2 0
github.com/smartcontractkit/branch-out/golang/quarantine.go:76.31,78.4 1 0
github.com/smartcontractkit/branch-out/golang/quarantine.go:79.3,81.32 2 0
github.com/smartcontractkit/branch-out/golang/quarantine.go:81.32,85.42 4 0
github.com/smartcontractkit/branch-out/golang/quarantine.go:85.42,90.5 2 0
github.com/smartcontractkit/branch-out/golang/quarantine.go:91.4,91.24 1 0
github.com/smartcontractkit/branch-out/golang/quarantine.go:95.3,95.31 1 0
github.com/smartcontractkit/branch-out/golang/quarantine.go:95.31,99.41 2 0
github.com/smartcontractkit/branch-out/golang/quarantine.go:99.41,101.5 1 0
github.com/smartcontractkit/branch-out/golang/quarantine.go:102.4,102.24 1 0
github.com/smartcontractkit/branch-out/golang/quarantine.go:105.2,109.20 3 0
github.com/smartcontractkit/branch-out/golang/quarantine.go:120.62,122.38 2 0
github.com/smartcontractkit/branch-out/golang/quarantine.go:122.38,124.3 1 0
github.com/smartcontractkit/branch-out/golang/quarantine.go:125.2,125.14 1 0
github.com/smartcontractkit/branch-out/golang/quarantine.go:138.47,140.31 2 1
github.com/smartcontractkit/branch-out/golang/quarantine.go:140.31,142.3 1 1
github.com/smartcontractkit/branch-out/golang/quarantine.go:143.2,143.14 1 1
github.com/smartcontractkit/branch-out/golang/quarantine.go:162.59,163.42 1 1
github.com/smartcontractkit/branch-out/golang/quarantine.go:163.42,165.3 1 1
github.com/smartcontractkit/branch-out/golang/quarantine.go:179.30,183.33 2 1
github.com/smartcontractkit/branch-out/golang/quarantine.go:183.33,185.3 1 1
github.com/smartcontractkit/branch-out/golang/quarantine.go:187.2,188.16 2 1
github.com/smartcontractkit/branch-out/golang/quarantine.go:188.16,190.3 1 0
github.com/smartcontractkit/branch-out/golang/quarantine.go:192.2,196.42 2 1
github.com/smartcontractkit/branch-out/golang/quarantine.go:196.42,198.3 1 1
github.com/smartcontractkit/branch-out/golang/quarantine.go:200.2,207.42 4 1
github.com/smartcontractkit/branch-out/golang/quarantine.go:207.42,208.22 1 1
github.com/smartcontractkit/branch-out/golang/quarantine.go:208.22,210.18 2 1
github.com/smartcontractkit/branch-out/golang/quarantine.go:210.18,212.5 1 0
github.com/smartcontractkit/branch-out/golang/quarantine.go:213.4,215.14 3 1
github.com/smartcontractkit/branch-out/golang/quarantine.go:219.2,219.34 1 1
github.com/smartcontractkit/branch-out/golang/quarantine.go:219.34,221.3 1 0
github.com/smartcontractkit/branch-out/golang/quarantine.go:223.2,230.41 3 1
github.com/smartcontractkit/branch-out/golang/quarantine.go:230.41,232.44 2 1
github.com/smartcontractkit/branch-out/golang/quarantine.go:232.44,233.45 1 1
github.com/smartcontractkit/branch-out/golang/quarantine.go:233.45,235.5 1 1
github.com/smartcontractkit/branch-out/golang/quarantine.go:237.3,237.43 1 1
github.com/smartcontractkit/branch-out/golang/quarantine.go:237.43,239.4 1 0
github.com/smartcontractkit/branch-out/golang/quarantine.go:241.2,250.21 4 1
github.com/smartcontractkit/branch-out/golang/quarantine.go:254.87,255.33 1 1
github.com/smartcontractkit/branch-out/golang/quarantine.go:255.33,256.44 1 1
github.com/smartcontractkit/branch-out/golang/quarantine.go:256.44,257.98 1 1
github.com/smartcontractkit/branch-out/golang/quarantine.go:257.98,259.5 1 0
github.com/smartcontractkit/branch-out/golang/quarantine.go:260.4,264.36 1 1
github.com/smartcontractkit/branch-out/golang/quarantine.go:267.2,267.12 1 1
github.com/smartcontractkit/branch-out/golang/quarantine.go:271.89,274.43 2 1
github.com/smartcontractkit/branch-out/golang/quarantine.go:274.43,275.41 1 1
github.com/smartcontractkit/branch-out/golang/quarantine.go:275.41,277.4 1 1
github.com/smartcontractkit/branch-out/golang/quarantine.go:278.3,278.37 1 1
github.com/smartcontractkit/branch-out/golang/quarantine.go:278.37,279.52 1 1
github.com/smartcontractkit/branch-out/golang/quarantine.go:279.52,281.5 1 1
github.com/smartcontractkit/branch-out/golang/quarantine.go:285.2,286.39 2 1
github.com/smartcontractkit/branch-out/golang/quarantine.go:286.39,291.3 1 1
github.com/smartcontractkit/branch-out/golang/quarantine.go:292.2,292.25 1 1
github.com/smartcontractkit/branch-out/golang/quarantine.go:301.37,319.43 4 1
github.com/smartcontractkit/branch-out/golang/quarantine.go:319.43,325.17 4 1
github.com/smartcontractkit/branch-out/golang/quarantine.go:325.17,332.4 1 0
github.com/smartcontractkit/branch-out/golang/quarantine.go:334.3,336.35 3 1
github.com/smartcontractkit/branch-out/golang/quarantine.go:336.35,339.4 2 1
github.com/smartcontractkit/branch-out/golang/quarantine.go:341.3,342.17 2 1
github.com/smartcontractkit/branch-out/golang/quarantine.go:342.17,344.4 1 0
github.com/smartcontractkit/branch-out/golang/quarantine.go:346.3,349.17 3 1
github.com/smartcontractkit/branch-out/golang/quarantine.go:349.17,351.4 1 0
github.com/smartcontractkit/branch-out/golang/quarantine.go:352.3,360.5 3 1
github.com/smartcontractkit/branch-out/golang/quarantine.go:364.2,364.41 1 1
github.com/smartcontractkit/branch-out/golang/quarantine.go:364.41,365.29 1 1
github.com/smartcontractkit/branch-out/golang/quarantine.go:365.29,367.4 1 0
github.com/smartcontractkit/branch-out/golang/quarantine.go:370.2,370.21 1 1
github.com/smartcontractkit/branch-out/golang/quarantine.go:374.70,376.34 2 1
github.com/smartcontractkit/branch-out/golang/quarantine.go:376.34,378.47 1 1
github.com/smartcontractkit/branch-out/golang/quarantine.go:378.47,380.82 1 1
github.com/smartcontractkit/branch-out/golang/quarantine.go:380.82,382.5 1 1
github.com/smartcontractkit/branch-out/golang/quarantine.go:385.2,385.14 1 1
github.com/smartcontractkit/branch-out/golang/quarantine.go:389.50,390.26 1 1
github.com/smartcontractkit/branch-out/golang/quarantine.go:390.26,392.3 1 0
github.com/smartcontractkit/branch-out/golang/quarantine.go:394.2,394.102 1 1
github.com/smartcontractkit/branch-out/golang/quarantine.go:394.102,396.3 1 0
github.com/smartcontractkit/branch-out/golang/quarantine.go:399.2,399.72 1 1
github.com/smartcontractkit/branch-out/golang/quarantine.go:399.72,401.3 1 0
github.com/smartcontractkit/branch-out/golang/quarantine.go:403.2,406.52 2 1
github.com/smartcontractkit/branch-out/golang/quarantine.go:406.52,407.61 1 1
github.com/smartcontractkit/branch-out/golang/quarantine.go:407.61,408.52 1 1
github.com/smartcontractkit/branch-out/golang/quarantine.go:408.52,410.5 1 1
github.com/smartcontractkit/branch-out/golang/quarantine.go:414.2,414.14 1 0
github.com/smartcontractkit/branch-out/golang/quarantine.go:428.38,430.50 1 1
github.com/smartcontractkit/branch-out/golang/quarantine.go:430.50,432.3 1 1
github.com/smartcontractkit/branch-out/golang/quarantine.go:435.2,436.37 2 1
github.com/smartcontractkit/branch-out/golang/quarantine.go:436.37,438.3 1 1
github.com/smartcontractkit/branch-out/golang/quarantine.go:441.2,441.37 1 1
github.com/smartcontractkit/branch-out/golang/quarantine.go:441.37,443.72 2 1
github.com/smartcontractkit/branch-out/golang/quarantine.go:443.72,445.53 2 1
github.com/smartcontractkit/branch-out/golang/quarantine.go:445.53,447.5 1 1
github.com/smartcontractkit/branch-out/golang/quarantine.go:450.3,520.58 2 1
github.com/smartcontractkit/branch-out/golang/quarantine.go:520.58,522.4 1 1
github.com/smartcontractkit/branch-out/golang/quarantine.go:522.9,522.34 1 0
github.com/smartcontractkit/branch-out/golang/quarantine.go:522.34,524.4 1 0
github.com/smartcontractkit/branch-out/golang/quarantine.go:528.2,529.63 2 1
github.com/smartcontractkit/branch-out/golang/quarantine.go:529.63,531.3 1 0
github.com/smartcontractkit/branch-out/golang/quarantine.go:534.2,537.16 4 1
github.com/smartcontractkit/branch-out/golang/quarantine.go:537.16,539.3 1 0
github.com/smartcontractkit/branch-out/golang/quarantine.go:542.2,543.37 2 1
github.com/smartcontractkit/branch-out/golang/quarantine.go:543.37,544.47 1 1
github.com/smartcontractkit/branch-out/golang/quarantine.go:544.47,545.32 1 1
github.com/smartcontractkit/branch-out/golang/quarantine.go:545.32,546.78 1 1
github.com/smartcontractkit/branch-out/golang/quarantine.go:546.78,552.6 1 1
github.com/smartcontractkit/branch-out/golang/quarantine.go:557.2,557.46 1 1
github.com/smartcontractkit/branch-out/golang/quarantine.go:561.56,562.35 1 1
github.com/smartcontractkit/branch-out/golang/quarantine.go:562.35,563.73 1 1
github.com/smartcontractkit/branch-out/golang/quarantine.go:563.73,565.4 1 0
github.com/smartcontractkit/branch-out/golang/quarantine.go:567.2,567.14 1 1
github.com/smartcontractkit/branch-out/golang/quarantine.go:571.51,581.49 2 1
github.com/smartcontractkit/branch-out/golang/quarantine.go:581.49,589.3 4 0
github.com/smartcontractkit/branch-out/golang/quarantine.go:592.2,592.34 1 1
github.com/smartcontractkit/branch-out/golang/quarantine.go:592.34,593.76 1 1
github.com/smartcontractkit/branch-out/golang/quarantine.go:593.76,597.4 3 1
github.com/smartcontractkit/branch-out/golang/quarantine.go:599.3,599.64 1 0
github.com/smartcontractkit/branch-out/golang/quarantine.go:599.64,607.4 4 0
github.com/smartcontractkit/branch-out/golang/quarantine.go:611.2,616.49 3 0
github.com/smartcontractkit/branch-out/golang/quarantine.go:620.47,623.2 2 0
